<?xml version="1.0" encoding="UTF-8"?>
<!-- Generated by org.testng.reporters.JUnitXMLReporter -->
<testsuite ignored="0" hostname="DESKTOP-HOF3APB" failures="0" tests="3" name="Default test" time="29.208" errors="0" timestamp="2024-03-31T10:48:48 CDT">
  <testcase classname="variousConcepts.CrmTest" name="addCustomer" time="11.088"/>
  <testcase classname="variousConcepts.CrmTest" name="validateAlertMsgs" time="0.361"/>
  <testcase classname="variousConcepts.CrmTest" name="loginTest" time="9.156"/>
</testsuite> <!-- Default test -->
