<?xml version="1.0" encoding="UTF-8"?>
<testng-results ignored="0" total="3" passed="3" failed="0" skipped="0">
  <reporter-output>
  </reporter-output>
  <suite started-at="2024-03-31T10:48:18 CDT" name="Default suite" finished-at="2024-03-31T10:48:48 CDT" duration-ms="29208">
    <groups>
    </groups>
    <test started-at="2024-03-31T10:48:18 CDT" name="Default test" finished-at="2024-03-31T10:48:48 CDT" duration-ms="29208">
      <class name="variousConcepts.CrmTest">
        <test-method is-config="true" signature="readConfig()[pri:0, instance:variousConcepts.CrmTest@3e27aa33]" started-at="2024-03-31T10:48:18 CDT" name="readConfig" finished-at="2024-03-31T10:48:18 CDT" duration-ms="31" status="PASS">
          <reporter-output>
          </reporter-output>
        </test-method> <!-- readConfig -->
        <test-method is-config="true" signature="init()[pri:0, instance:variousConcepts.CrmTest@3e27aa33]" started-at="2024-03-31T10:48:19 CDT" name="init" finished-at="2024-03-31T10:48:22 CDT" duration-ms="3063" status="PASS">
          <reporter-output>
          </reporter-output>
        </test-method> <!-- init -->
        <test-method signature="addCustomer()[pri:0, instance:variousConcepts.CrmTest@3e27aa33]" started-at="2024-03-31T10:48:22 CDT" name="addCustomer" finished-at="2024-03-31T10:48:33 CDT" duration-ms="11088" status="PASS">
          <reporter-output>
          </reporter-output>
        </test-method> <!-- addCustomer -->
        <test-method is-config="true" signature="tearDown()[pri:0, instance:variousConcepts.CrmTest@3e27aa33]" started-at="2024-03-31T10:48:33 CDT" name="tearDown" finished-at="2024-03-31T10:48:33 CDT" duration-ms="201" status="PASS">
          <reporter-output>
          </reporter-output>
        </test-method> <!-- tearDown -->
        <test-method is-config="true" signature="init()[pri:0, instance:variousConcepts.CrmTest@3e27aa33]" started-at="2024-03-31T10:48:33 CDT" name="init" finished-at="2024-03-31T10:48:35 CDT" duration-ms="2342" status="PASS">
          <reporter-output>
          </reporter-output>
        </test-method> <!-- init -->
        <test-method signature="validateAlertMsgs()[pri:1, instance:variousConcepts.CrmTest@3e27aa33]" started-at="2024-03-31T10:48:35 CDT" name="validateAlertMsgs" finished-at="2024-03-31T10:48:36 CDT" duration-ms="361" status="PASS">
          <reporter-output>
          </reporter-output>
        </test-method> <!-- validateAlertMsgs -->
        <test-method is-config="true" signature="tearDown()[pri:0, instance:variousConcepts.CrmTest@3e27aa33]" started-at="2024-03-31T10:48:36 CDT" name="tearDown" finished-at="2024-03-31T10:48:36 CDT" duration-ms="132" status="PASS">
          <reporter-output>
          </reporter-output>
        </test-method> <!-- tearDown -->
        <test-method is-config="true" signature="init()[pri:0, instance:variousConcepts.CrmTest@3e27aa33]" started-at="2024-03-31T10:48:36 CDT" name="init" finished-at="2024-03-31T10:48:38 CDT" duration-ms="2566" status="PASS">
          <reporter-output>
          </reporter-output>
        </test-method> <!-- init -->
        <test-method signature="loginTest()[pri:2, instance:variousConcepts.CrmTest@3e27aa33]" started-at="2024-03-31T10:48:38 CDT" name="loginTest" finished-at="2024-03-31T10:48:47 CDT" duration-ms="9156" status="PASS">
          <reporter-output>
          </reporter-output>
        </test-method> <!-- loginTest -->
        <test-method is-config="true" signature="tearDown()[pri:0, instance:variousConcepts.CrmTest@3e27aa33]" started-at="2024-03-31T10:48:47 CDT" name="tearDown" finished-at="2024-03-31T10:48:48 CDT" duration-ms="182" status="PASS">
          <reporter-output>
          </reporter-output>
        </test-method> <!-- tearDown -->
      </class> <!-- variousConcepts.CrmTest -->
    </test> <!-- Default test -->
  </suite> <!-- Default suite -->
</testng-results>
